<?xml version="1.0" encoding="UTF-8"?>
<!-- Generated by org.testng.reporters.JUnitXMLReporter -->
<testsuite hostname="Chinmayees-MacBook-Pro.local" ignored="0" tests="2" failures="0" timestamp="2022-05-31T08:31:56 IST" time="2.552" errors="0">
  <testcase name="@BeforeMethod setUp" time="2.485" classname="IndexPageTest">
    <failure type="java.lang.NullPointerException">
      <![CDATA[java.lang.NullPointerException
at com.mystore.Base.BaseClass.launchApp(BaseClass.java:94)
at IndexPageTest.setUp(IndexPageTest.java:32)
at java.util.ArrayList.forEach(ArrayList.java:1259)
at java.util.concurrent.FutureTask.run(FutureTask.java:266)
at java.util.concurrent.ThreadPoolExecutor.runWorker(ThreadPoolExecutor.java:1149)
at java.util.concurrent.ThreadPoolExecutor$Worker.run(ThreadPoolExecutor.java:624)
at java.lang.Thread.run(Thread.java:748)
... Removed 22 stack frames]]>
    </failure>
  </testcase> <!-- @BeforeMethod setUp -->
  <testcase name="@AfterMethod tearDown" time="0.0" classname="IndexPageTest">
    <skipped/>
  </testcase> <!-- @AfterMethod tearDown -->
  <testcase name="@BeforeMethod setUp" time="0.0" classname="IndexPageTest">
    <skipped/>
  </testcase> <!-- @BeforeMethod setUp -->
  <testcase name="@AfterMethod tearDown" time="0.0" classname="IndexPageTest">
    <skipped/>
  </testcase> <!-- @AfterMethod tearDown -->
  <testcase name="checkLogotest" time="0.0" classname="IndexPageTest">
    <skipped/>
  </testcase> <!-- checkLogotest -->
  <testcase name="checkTitleTest" time="0.0" classname="IndexPageTest">
    <skipped/>
  </testcase> <!-- checkTitleTest -->
</testsuite>
