<?xml version="1.0" encoding="UTF-8"?>
<!-- Generated by org.testng.reporters.JUnitXMLReporter -->
<testsuite hostname="Chinmayees-MacBook-Pro.local" ignored="11" tests="2" failures="0" timestamp="2022-05-31T07:58:05 IST" time="49.082" errors="0">
  <testcase name="checkseachresult" time="3.0" classname="SearchResultPageTest"/>
  <testcase name="validateorderpage" time="31.272" classname="EndToEndTest"/>
  <testcase name="login" time="0.0" classname="LoginPageTest">
    <ignored/>
  </testcase> <!-- login -->
  <testcase name="@BeforeSuite loadConfig" time="0.0" classname="com.mystore.Base.BaseClass">
    <ignored/>
  </testcase> <!-- @BeforeSuite loadConfig -->
  <testcase name="validateaddtocartmessage" time="0.0" classname="AddToCartPageTest">
    <ignored/>
  </testcase> <!-- validateaddtocartmessage -->
  <testcase name="checkTitleTest" time="0.0" classname="IndexPageTest">
    <ignored/>
  </testcase> <!-- checkTitleTest -->
  <testcase name="validatenosearch" time="0.0" classname="SearchResultPageTest">
    <ignored/>
  </testcase> <!-- validatenosearch -->
  <testcase name="checkLogotest" time="0.0" classname="IndexPageTest">
    <ignored/>
  </testcase> <!-- checkLogotest -->
  <testcase name="@BeforeSuite loadConfig" time="0.0" classname="com.mystore.Base.BaseClass">
    <ignored/>
  </testcase> <!-- @BeforeSuite loadConfig -->
  <testcase name="validateHomePage" time="0.0" classname="HomePageTest">
    <ignored/>
  </testcase> <!-- validateHomePage -->
  <testcase name="validatenoresulttext" time="0.0" classname="SearchResultPageTest">
    <ignored/>
  </testcase> <!-- validatenoresulttext -->
  <testcase name="validateorderpage" time="0.0" classname="OrderPageTest">
    <ignored/>
  </testcase> <!-- validateorderpage -->
  <testcase name="validateAccountCreationPage" time="0.0" classname="AccountCreationTest">
    <ignored/>
  </testcase> <!-- validateAccountCreationPage -->
</testsuite>
