<?xml version="1.0" encoding="UTF-8"?>
<!-- Generated by org.testng.reporters.JUnitXMLReporter -->
<testsuite hostname="Chinmayees-MacBook-Pro.local" ignored="9" tests="5" failures="0" timestamp="2022-05-29T19:42:46 IST" time="92.778" errors="0">
  <testcase name="validatenoresulttext" time="2.158" classname="SearchResultPageTest"/>
  <testcase name="validateAccountCreationPage" time="10.741" classname="AccountCreationTest"/>
  <testcase name="checkLogotest" time="1.041" classname="IndexPageTest"/>
  <testcase name="login" time="20.3" classname="LoginPageTest"/>
  <testcase name="login" time="16.802" classname="LoginPageTest"/>
  <testcase name="validateorderpage" time="0.0" classname="EndToEndTest">
    <ignored/>
  </testcase> <!-- validateorderpage -->
  <testcase name="@BeforeSuite loadConfig" time="0.0" classname="com.mystore.Base.BaseClass">
    <ignored/>
  </testcase> <!-- @BeforeSuite loadConfig -->
  <testcase name="validateaddtocartmessage" time="0.0" classname="AddToCartPageTest">
    <ignored/>
  </testcase> <!-- validateaddtocartmessage -->
  <testcase name="checkTitleTest" time="0.0" classname="IndexPageTest">
    <ignored/>
  </testcase> <!-- checkTitleTest -->
  <testcase name="validatenosearch" time="0.0" classname="SearchResultPageTest">
    <ignored/>
  </testcase> <!-- validatenosearch -->
  <testcase name="@BeforeSuite loadConfig" time="0.0" classname="com.mystore.Base.BaseClass">
    <ignored/>
  </testcase> <!-- @BeforeSuite loadConfig -->
  <testcase name="checkseachresult" time="0.0" classname="SearchResultPageTest">
    <ignored/>
  </testcase> <!-- checkseachresult -->
  <testcase name="validateHomePage" time="0.0" classname="HomePageTest">
    <ignored/>
  </testcase> <!-- validateHomePage -->
  <testcase name="validateorderpage" time="0.0" classname="OrderPageTest">
    <ignored/>
  </testcase> <!-- validateorderpage -->
</testsuite>
